2024-09-16 23:20:28,233 - INFO - Processing file: input.txt -> encrypted.txt
2024-09-16 23:20:28,233 - INFO - Encrypting block: 4D20216F6C6C6548
2024-09-16 23:20:28,233 - INFO - Encrypted block: 7732F7282E052FF9
2024-09-16 23:20:28,234 - INFO - Encrypting block: 6920656D616E2079
2024-09-16 23:20:28,234 - INFO - Encrypted block: 95A7ECDC01A34452
2024-09-16 23:20:28,234 - INFO - Encrypting block: 6E6164726F4A2073
2024-09-16 23:20:28,234 - INFO - Encrypted block: D87955339B4E89E6
2024-09-16 23:20:28,234 - INFO - Encrypting block: 64726F666C654220
2024-09-16 23:20:28,234 - INFO - Encrypted block: 8AE9B2F2F6667537
2024-09-16 23:20:28,234 - INFO - Encrypting block: 202020202020202E
2024-09-16 23:20:28,235 - INFO - Encrypted block: 45374F55BDB7A91C
2024-09-16 23:20:28,235 - INFO - Processing file: encrypted.txt -> decrypted.txt
2024-09-16 23:20:28,235 - INFO - Decrypting block: 7732F7282E052FF9
2024-09-16 23:20:28,235 - INFO - Decrypted block: 4D20216F6C6C6548
2024-09-16 23:20:28,235 - INFO - Decrypting block: 95A7ECDC01A34452
2024-09-16 23:20:28,236 - INFO - Decrypted block: 6920656D616E2079
2024-09-16 23:20:28,236 - INFO - Decrypting block: D87955339B4E89E6
2024-09-16 23:20:28,236 - INFO - Decrypted block: 6E6164726F4A2073
2024-09-16 23:20:28,236 - INFO - Decrypting block: 8AE9B2F2F6667537
2024-09-16 23:20:28,236 - INFO - Decrypted block: 64726F666C654220
2024-09-16 23:20:28,236 - INFO - Decrypting block: 45374F55BDB7A91C
2024-09-16 23:20:28,236 - INFO - Decrypted block: 202020202020202E
